<?xml version="1.0" encoding="UTF-8"?>
<testsuite name="com.jojoldu.book.springboot.web.HelloControllerTest" tests="2" skipped="0" failures="0" errors="0" timestamp="2022-03-16T02:54:14" hostname="JEIui-MacBookPro.local" time="0.087">
  <properties/>
  <testcase name="hello가_리턴된다" classname="com.jojoldu.book.springboot.web.HelloControllerTest" time="0.03"/>
  <testcase name="helloDto가_리턴된다" classname="com.jojoldu.book.springboot.web.HelloControllerTest" time="0.055"/>
  <system-out><![CDATA[2022-03-16 11:54:14.060  INFO 26812 --- [    Test worker] .b.t.a.w.s.WebMvcTestContextBootstrapper : Neither @ContextConfiguration nor @ContextHierarchy found for test class [com.jojoldu.book.springboot.web.HelloControllerTest], using SpringBootContextLoader
2022-03-16 11:54:14.063  INFO 26812 --- [    Test worker] o.s.t.c.support.AbstractContextLoader    : Could not detect default resource locations for test class [com.jojoldu.book.springboot.web.HelloControllerTest]: no resource found for suffixes {-context.xml, Context.groovy}.
2022-03-16 11:54:14.063  INFO 26812 --- [    Test worker] t.c.s.AnnotationConfigContextLoaderUtils : Could not detect default configuration classes for test class [com.jojoldu.book.springboot.web.HelloControllerTest]: HelloControllerTest does not declare any static, non-private, non-final, nested classes annotated with @Configuration.
2022-03-16 11:54:14.089  INFO 26812 --- [    Test worker] .b.t.c.SpringBootTestContextBootstrapper : Found @SpringBootConfiguration com.jojoldu.book.springboot.Application for test class com.jojoldu.book.springboot.web.HelloControllerTest
2022-03-16 11:54:14.091  INFO 26812 --- [    Test worker] .b.t.a.w.s.WebMvcTestContextBootstrapper : Loaded default TestExecutionListener class names from location [META-INF/spring.factories]: [org.springframework.security.test.context.support.WithSecurityContextTestExecutionListener, org.springframework.security.test.context.support.ReactorContextTestExecutionListener, org.springframework.boot.test.autoconfigure.restdocs.RestDocsTestExecutionListener, org.springframework.boot.test.autoconfigure.web.client.MockRestServiceServerResetTestExecutionListener, org.springframework.boot.test.autoconfigure.web.servlet.MockMvcPrintOnlyOnFailureTestExecutionListener, org.springframework.boot.test.autoconfigure.web.servlet.WebDriverTestExecutionListener, org.springframework.boot.test.mock.mockito.MockitoTestExecutionListener, org.springframework.boot.test.mock.mockito.ResetMocksTestExecutionListener, org.springframework.test.context.web.ServletTestExecutionListener, org.springframework.test.context.support.DirtiesContextBeforeModesTestExecutionListener, org.springframework.test.context.support.DependencyInjectionTestExecutionListener, org.springframework.test.context.support.DirtiesContextTestExecutionListener, org.springframework.test.context.transaction.TransactionalTestExecutionListener, org.springframework.test.context.jdbc.SqlScriptsTestExecutionListener]
2022-03-16 11:54:14.092  INFO 26812 --- [    Test worker] .b.t.a.w.s.WebMvcTestContextBootstrapper : Using TestExecutionListeners: [org.springframework.test.context.web.ServletTestExecutionListener@b57bd34, org.springframework.test.context.support.DirtiesContextBeforeModesTestExecutionListener@41d7c006, org.springframework.boot.test.mock.mockito.MockitoTestExecutionListener@bc147ad, org.springframework.boot.test.autoconfigure.SpringBootDependencyInjectionTestExecutionListener@3e7b681b, org.springframework.test.context.support.DirtiesContextTestExecutionListener@8f3dcfd, org.springframework.test.context.transaction.TransactionalTestExecutionListener@77dbea15, org.springframework.test.context.jdbc.SqlScriptsTestExecutionListener@76a6376c, org.springframework.security.test.context.support.WithSecurityContextTestExecutionListener@13f8a213, org.springframework.security.test.context.support.ReactorContextTestExecutionListener@5fa90a5, org.springframework.boot.test.autoconfigure.restdocs.RestDocsTestExecutionListener@2dd9494d, org.springframework.boot.test.autoconfigure.web.client.MockRestServiceServerResetTestExecutionListener@6a0306cd, org.springframework.boot.test.autoconfigure.web.servlet.MockMvcPrintOnlyOnFailureTestExecutionListener@3cbdc9a4, org.springframework.boot.test.autoconfigure.web.servlet.WebDriverTestExecutionListener@6d93192e, org.springframework.boot.test.mock.mockito.ResetMocksTestExecutionListener@ae7b6f0]

  .   ____          _            __ _ _
 /\\ / ___'_ __ _ _(_)_ __  __ _ \ \ \ \
( ( )\___ | '_ | '_| | '_ \/ _` | \ \ \ \
 \\/  ___)| |_)| | | | | || (_| |  ) ) ) )
  '  |____| .__|_| |_|_| |_\__, | / / / /
 =========|_|==============|___/=/_/_/_/
 :: Spring Boot ::        (v2.1.9.RELEASE)

2022-03-16 11:54:14.137  INFO 26812 --- [    Test worker] c.j.b.s.web.HelloControllerTest          : Starting HelloControllerTest on JEIui-MacBookPro.local with PID 26812 (started by jei in /Users/jei/IdeaProjects/springboot-webservice)
2022-03-16 11:54:14.148  INFO 26812 --- [    Test worker] c.j.b.s.web.HelloControllerTest          : No active profile set, falling back to default profiles: default
2022-03-16 11:54:14.623  INFO 26812 --- [    Test worker] o.s.s.concurrent.ThreadPoolTaskExecutor  : Initializing ExecutorService 'applicationTaskExecutor'
2022-03-16 11:54:14.664  INFO 26812 --- [    Test worker] o.s.b.a.w.s.WelcomePageHandlerMapping    : Adding welcome page template: index
2022-03-16 11:54:14.819  INFO 26812 --- [    Test worker] .s.s.UserDetailsServiceAutoConfiguration : 

Using generated security password: c64440e0-7de0-4156-b5fd-57d3fac10715

2022-03-16 11:54:14.886  INFO 26812 --- [    Test worker] o.s.s.web.DefaultSecurityFilterChain     : Creating filter chain: any request, [org.springframework.security.web.context.request.async.WebAsyncManagerIntegrationFilter@1f2c5eb, org.springframework.security.web.context.SecurityContextPersistenceFilter@34e31609, org.springframework.security.web.header.HeaderWriterFilter@1070d860, org.springframework.security.web.csrf.CsrfFilter@43634222, org.springframework.security.web.authentication.logout.LogoutFilter@18c54947, org.springframework.security.web.authentication.UsernamePasswordAuthenticationFilter@24a6cd7c, org.springframework.security.web.authentication.ui.DefaultLoginPageGeneratingFilter@2b912edd, org.springframework.security.web.authentication.ui.DefaultLogoutPageGeneratingFilter@39f325a6, org.springframework.security.web.authentication.www.BasicAuthenticationFilter@48fd27e, org.springframework.security.web.savedrequest.RequestCacheAwareFilter@2ba956b5, org.springframework.security.web.servletapi.SecurityContextHolderAwareRequestFilter@3d8c3878, org.springframework.security.web.authentication.AnonymousAuthenticationFilter@43151cc4, org.springframework.security.web.session.SessionManagementFilter@49dbfa1e, org.springframework.security.web.access.ExceptionTranslationFilter@7b0c8b33, org.springframework.security.web.access.intercept.FilterSecurityInterceptor@1d5ff3eb]
2022-03-16 11:54:14.902  INFO 26812 --- [    Test worker] o.s.b.t.m.w.SpringBootMockServletContext : Initializing Spring TestDispatcherServlet ''
2022-03-16 11:54:14.904  INFO 26812 --- [    Test worker] o.s.t.web.servlet.TestDispatcherServlet  : Initializing Servlet ''
2022-03-16 11:54:14.906  INFO 26812 --- [    Test worker] o.s.t.web.servlet.TestDispatcherServlet  : Completed initialization in 1 ms
2022-03-16 11:54:14.932  INFO 26812 --- [    Test worker] c.j.b.s.web.HelloControllerTest          : Started HelloControllerTest in 0.833 seconds (JVM running for 11.074)
]]></system-out>
  <system-err><![CDATA[]]></system-err>
</testsuite>
